<?xml version="1.0" encoding="UTF-8"?>
<!-- Generated by org.testng.reporters.JUnitReportReporter -->
<testsuite skipped="0" hostname="Ankit" name="mt_Test.RegisterPageTest" tests="1" failures="0" timestamp="12 Feb 2019 19:28:25 GMT" time="19.383" errors="0">
  <testcase name="EnterBasicInfo" time="19.383" classname="mt_Test.RegisterPageTest"/>
</testsuite> <!-- mt_Test.RegisterPageTest -->
